<?xml version="1.0" encoding="UTF-8"?>
<!-- Generated by org.testng.reporters.JUnitXMLReporter -->
<testsuite ignored="4" hostname="TL0020" failures="2" tests="3" name="Test" time="157.343" errors="0" timestamp="2025-07-09T18:31:26 IST">
  <testcase classname="salesforce.uitestcase.TC001_Create_Lead" name="createLeadTest" time="18.274"/>
  <testcase classname="salesforce.uitestcase.TC002_Edit_Lead" name="editLeadTest" time="28.241">
    <failure type="java.lang.RuntimeException" message="See the reporter for details.">
      <![CDATA[java.lang.RuntimeException: See the reporter for details.
at com.framework.utils.Reporter.reportStep(Reporter.java:103)
at com.framework.utils.Reporter.reportStep(Reporter.java:120)
at com.framework.selenium.api.base.SeleniumBase.locateElement(SeleniumBase.java:619)
at com.framework.selenium.salesforcepages.LeadPage.getToastMessage(LeadPage.java:34)
at salesforce.uitestcase.TC002_Edit_Lead.editLeadTest(TC002_Edit_Lead.java:32)
at java.base/java.util.ArrayList.forEach(ArrayList.java:1541)
... Removed 27 stack frames]]>
    </failure>
  </testcase> <!-- editLeadTest -->
  <testcase classname="salesforce.uitestcase.TC003_Delete_Lead" name="deleteLeadTest" time="22.643">
    <failure type="java.lang.RuntimeException" message="See the reporter for details.">
      <![CDATA[java.lang.RuntimeException: See the reporter for details.
at com.framework.utils.Reporter.reportStep(Reporter.java:103)
at com.framework.utils.Reporter.reportStep(Reporter.java:120)
at com.framework.selenium.api.base.SeleniumBase.locateElement(SeleniumBase.java:619)
at com.framework.selenium.salesforcepages.LeadPage.getToastMessage(LeadPage.java:34)
at salesforce.uitestcase.TC003_Delete_Lead.deleteLeadTest(TC003_Delete_Lead.java:29)
at java.base/java.util.ArrayList.forEach(ArrayList.java:1541)
... Removed 27 stack frames]]>
    </failure>
  </testcase> <!-- deleteLeadTest -->
  <testcase classname="com.framework.utils.Reporter" name="@BeforeSuite startReport" time="0.0">
    <ignored/>
  </testcase> <!-- @BeforeSuite startReport -->
  <testcase classname="com.framework.utils.Reporter" name="@BeforeSuite startReport" time="0.0">
    <ignored/>
  </testcase> <!-- @BeforeSuite startReport -->
  <testcase classname="com.framework.utils.Reporter" name="@AfterSuite endResult" time="0.0">
    <ignored/>
  </testcase> <!-- @AfterSuite endResult -->
  <testcase classname="com.framework.utils.Reporter" name="@AfterSuite endResult" time="0.0">
    <ignored/>
  </testcase> <!-- @AfterSuite endResult -->
</testsuite> <!-- Test -->
